{"C:\\Users\\kunal.s\\OneDrive - Fujiyama Software Solutions Pvt Ltd\\Desktop\\Work\\JavaScript\\Array\\Tutorial\\JS-Playwright-Jest-Tutorials\\Tutorial\\Jest\\jestAPI\\src\\app.js": {"path":"C:\\Users\\kunal.s\\OneDrive - Fujiyama Software Solutions Pvt Ltd\\Desktop\\Work\\JavaScript\\Array\\Tutorial\\JS-Playwright-Jest-Tutorials\\Tutorial\\Jest\\jestAPI\\src\\app.js","statementMap":{"0":{"start":{"line":1,"column":14},"end":{"line":1,"column":30}},"1":{"start":{"line":4,"column":2},"end":{"line":7,"column":38}},"2":{"start":{"line":6,"column":24},"end":{"line":6,"column":50}},"3":{"start":{"line":7,"column":20},"end":{"line":7,"column":36}},"4":{"start":{"line":10,"column":0},"end":{"line":10,"column":14}},"5":{"start":{"line":11,"column":0},"end":{"line":11,"column":33}}},"fnMap":{"0":{"name":"getUserData","decl":{"start":{"line":3,"column":9},"end":{"line":3,"column":20}},"loc":{"start":{"line":3,"column":23},"end":{"line":8,"column":1}},"line":3},"1":{"name":"(anonymous_1)","decl":{"start":{"line":6,"column":10},"end":{"line":6,"column":11}},"loc":{"start":{"line":6,"column":24},"end":{"line":6,"column":50}},"line":6},"2":{"name":"(anonymous_2)","decl":{"start":{"line":7,"column":11},"end":{"line":7,"column":12}},"loc":{"start":{"line":7,"column":20},"end":{"line":7,"column":36}},"line":7}},"branchMap":{},"s":{"0":1,"1":3,"2":3,"3":0,"4":1,"5":1},"f":{"0":3,"1":3,"2":0},"b":{},"_coverageSchema":"1a1c01bbd47fc00a2c39e90264f33305004495a9","hash":"956326552545f55d588891c7711bece0cdc5a073"}
}
